<?xml version="1.0" encoding="UTF-8"?>
<!-- Generated by org.testng.reporters.JUnitReportReporter -->
<testsuite hostname="DESKTOP-J9JQ713" failures="0" tests="6" name="WaitConcept.WaitConcept.DataDrivenTestNg2" time="4.784" errors="0" timestamp="2022-10-01T16:42:29 AST" skipped="0">
  <testcase classname="WaitConcept.WaitConcept.DataDrivenTestNg2" name="loginData" time="1.687"/>
  <system-out/>
  <testcase classname="WaitConcept.WaitConcept.DataDrivenTestNg2" name="loginData" time="0.535"/>
  <system-out/>
  <testcase classname="WaitConcept.WaitConcept.DataDrivenTestNg2" name="loginData" time="0.917"/>
  <system-out/>
  <testcase classname="WaitConcept.WaitConcept.DataDrivenTestNg2" name="loginData" time="0.543"/>
  <system-out/>
  <testcase classname="WaitConcept.WaitConcept.DataDrivenTestNg2" name="loginData" time="0.567"/>
  <system-out/>
  <testcase classname="WaitConcept.WaitConcept.DataDrivenTestNg2" name="loginData" time="0.535"/>
  <system-out/>
</testsuite> <!-- WaitConcept.WaitConcept.DataDrivenTestNg2 -->
